<?xml version="1.0" encoding="UTF-8"?>
<testng-results ignored="0" total="6" passed="6" failed="0" skipped="0">
  <reporter-output>
  </reporter-output>
  <suite started-at="2023-09-23T01:55:38 IST" name="Default suite" finished-at="2023-09-23T01:56:31 IST" duration-ms="53503">
    <groups>
    </groups>
    <test started-at="2023-09-23T01:55:38 IST" name="Default test" finished-at="2023-09-23T01:56:31 IST" duration-ms="53503">
      <class name="testNgAnnotaions2.Flag8ActiTimeDataProvider">
        <test-method signature="invalidLoginMethod(java.lang.String,java.lang.String)[pri:0, instance:testNgAnnotaions2.Flag8ActiTimeDataProvider@6c80d78a]" started-at="2023-09-23T01:55:38 IST" name="invalidLoginMethod" data-provider="actiTimeTestData" finished-at="2023-09-23T01:55:49 IST" duration-ms="11214" status="PASS">
          <params>
            <param index="0">
              <value>
                <![CDATA[admin ]]>
              </value>
            </param>
            <param index="1">
              <value>
                <![CDATA[ ]]>
              </value>
            </param>
          </params>
          <reporter-output>
          </reporter-output>
        </test-method> <!-- invalidLoginMethod -->
        <test-method signature="invalidLoginMethod(java.lang.String,java.lang.String)[pri:0, instance:testNgAnnotaions2.Flag8ActiTimeDataProvider@6c80d78a]" started-at="2023-09-23T01:55:49 IST" name="invalidLoginMethod" data-provider="actiTimeTestData" finished-at="2023-09-23T01:55:56 IST" duration-ms="6859" status="PASS">
          <params>
            <param index="0">
              <value>
                <![CDATA[admi@123 ]]>
              </value>
            </param>
            <param index="1">
              <value>
                <![CDATA[manager13 ]]>
              </value>
            </param>
          </params>
          <reporter-output>
          </reporter-output>
        </test-method> <!-- invalidLoginMethod -->
        <test-method signature="invalidLoginMethod(java.lang.String,java.lang.String)[pri:0, instance:testNgAnnotaions2.Flag8ActiTimeDataProvider@6c80d78a]" started-at="2023-09-23T01:55:56 IST" name="invalidLoginMethod" data-provider="actiTimeTestData" finished-at="2023-09-23T01:56:03 IST" duration-ms="7546" status="PASS">
          <params>
            <param index="0">
              <value>
                <![CDATA[ ]]>
              </value>
            </param>
            <param index="1">
              <value>
                <![CDATA[manger ]]>
              </value>
            </param>
          </params>
          <reporter-output>
          </reporter-output>
        </test-method> <!-- invalidLoginMethod -->
        <test-method signature="invalidLoginMethod(java.lang.String,java.lang.String)[pri:0, instance:testNgAnnotaions2.Flag8ActiTimeDataProvider@6c80d78a]" started-at="2023-09-23T01:56:03 IST" name="invalidLoginMethod" data-provider="actiTimeTestData" finished-at="2023-09-23T01:56:09 IST" duration-ms="6196" status="PASS">
          <params>
            <param index="0">
              <value>
                <![CDATA[admin1111 ]]>
              </value>
            </param>
            <param index="1">
              <value>
                <![CDATA[manager ]]>
              </value>
            </param>
          </params>
          <reporter-output>
          </reporter-output>
        </test-method> <!-- invalidLoginMethod -->
        <test-method signature="invalidLoginMethod(java.lang.String,java.lang.String)[pri:0, instance:testNgAnnotaions2.Flag8ActiTimeDataProvider@6c80d78a]" started-at="2023-09-23T01:56:09 IST" name="invalidLoginMethod" data-provider="actiTimeTestData" finished-at="2023-09-23T01:56:19 IST" duration-ms="9406" status="PASS">
          <params>
            <param index="0">
              <value>
                <![CDATA[manger ]]>
              </value>
            </param>
            <param index="1">
              <value>
                <![CDATA[admin ]]>
              </value>
            </param>
          </params>
          <reporter-output>
          </reporter-output>
        </test-method> <!-- invalidLoginMethod -->
        <test-method signature="invalidLoginMethod(java.lang.String,java.lang.String)[pri:0, instance:testNgAnnotaions2.Flag8ActiTimeDataProvider@6c80d78a]" started-at="2023-09-23T01:56:19 IST" name="invalidLoginMethod" data-provider="actiTimeTestData" finished-at="2023-09-23T01:56:31 IST" duration-ms="12095" status="PASS">
          <params>
            <param index="0">
              <value>
                <![CDATA[Admin#123 ]]>
              </value>
            </param>
            <param index="1">
              <value>
                <![CDATA[manger#123 ]]>
              </value>
            </param>
          </params>
          <reporter-output>
          </reporter-output>
        </test-method> <!-- invalidLoginMethod -->
      </class> <!-- testNgAnnotaions2.Flag8ActiTimeDataProvider -->
    </test> <!-- Default test -->
  </suite> <!-- Default suite -->
</testng-results>
