<?xml version="1.0" encoding="UTF-8"?>
<!-- Generated by org.testng.reporters.JUnitXMLReporter -->
<testsuite ignored="1" hostname="DESKTOP-83ISEOE" failures="0" tests="1" name="Test(failed)" time="0.184" errors="0" timestamp="2023-09-16T19:53:04 IST">
  <testcase classname="testNGExcution.TestNgClass1FailedTestCase" name="method2" time="0.026"/>
  <testcase classname="testNGExcution.TestNgClass1FailedTestCase" name="method1" time="0.0">
    <ignored/>
  </testcase> <!-- method1 -->
</testsuite> <!-- Test(failed) -->
