<?xml version="1.0" encoding="UTF-8"?>
<!-- Generated by org.testng.reporters.JUnitXMLReporter -->
<testsuite ignored="1" hostname="DESKTOP-83ISEOE" failures="1" tests="1" name="Default test(failed)" time="0.256" errors="0" timestamp="2023-03-26T12:03:14 IST">
  <testcase classname="testNgpack.Demo2" name="dm1" time="0.031">
    <failure type="java.lang.ArithmeticException" message="/ by zero">
      <![CDATA[java.lang.ArithmeticException: / by zero
at testNgpack.Demo2.dm1(Demo2.java:18)
at java.base/java.util.ArrayList.forEach(ArrayList.java:1511)
... Removed 27 stack frames]]>
    </failure>
  </testcase> <!-- dm1 -->
  <testcase classname="testNgpack.Demo2" name="f" time="0.0">
    <ignored/>
  </testcase> <!-- f -->
</testsuite> <!-- Default test(failed) -->
