<?xml version="1.0" encoding="UTF-8"?>
<!-- Generated by org.testng.reporters.JUnitXMLReporter -->
<testsuite ignored="0" hostname="DESKTOP-83ISEOE" failures="0" tests="1" name="edgeTest" time="0.241" errors="0" timestamp="2023-03-29T14:46:57 IST">
  <testcase classname="testNGExcution.ActiTimeValidTestCase" name="@AfterMethod close" time="0.004">
    <failure type="java.lang.NullPointerException" message="Cannot invoke &amp;quot;org.openqa.selenium.WebDriver.quit()&amp;quot; because &amp;quot;testNGExcution.ActiTimeValidTestCase.driver&amp;quot; is null">
      <![CDATA[java.lang.NullPointerException: Cannot invoke "org.openqa.selenium.WebDriver.quit()" because "testNGExcution.ActiTimeValidTestCase.driver" is null
at testNGExcution.ActiTimeValidTestCase.close(ActiTimeValidTestCase.java:70)
at java.base/java.util.ArrayList.forEach(ArrayList.java:1511)
at java.base/java.util.concurrent.FutureTask.run(FutureTask.java:264)
at java.base/java.util.concurrent.ThreadPoolExecutor.runWorker(ThreadPoolExecutor.java:1136)
at java.base/java.util.concurrent.ThreadPoolExecutor$Worker.run(ThreadPoolExecutor.java:635)
at java.base/java.lang.Thread.run(Thread.java:833)
... Removed 23 stack frames]]>
    </failure>
  </testcase> <!-- @AfterMethod close -->
  <testcase classname="testNGExcution.ActiTimeValidTestCase" name="validLogin" time="0.027"/>
</testsuite> <!-- edgeTest -->
