<?xml version="1.0" encoding="UTF-8"?>
<!-- Generated by org.testng.reporters.JUnitXMLReporter -->
<testsuite ignored="0" hostname="DESKTOP-83ISEOE" failures="0" tests="18" name="Test" time="0.368" errors="0" timestamp="2023-09-21T01:45:10 IST">
  <testcase classname="testNgAnnotaions2.Falg6GroupExecution" name="ft1" time="0.027"/>
  <testcase classname="testNgAnnotaions2.Falg6GroupExecution" name="ft2" time="0.004"/>
  <testcase classname="testNgAnnotaions2.Falg6GroupExecution" name="ft3" time="0.008"/>
  <testcase classname="testNgAnnotaions2.Falg6GroupExecution" name="ft4" time="0.005"/>
  <testcase classname="testNgAnnotaions2.Falg6GroupExecution" name="ft5" time="0.007"/>
  <testcase classname="testNgAnnotaions2.Falg6GroupExecution" name="ft6" time="0.019"/>
  <testcase classname="testNgAnnotaions2.Falg6GroupExecution" name="it1" time="0.004"/>
  <testcase classname="testNgAnnotaions2.Falg6GroupExecution" name="it2" time="0.003"/>
  <testcase classname="testNgAnnotaions2.Falg6GroupExecution" name="it3" time="0.003"/>
  <testcase classname="testNgAnnotaions2.Falg6GroupExecution" name="it4" time="0.003"/>
  <testcase classname="testNgAnnotaions2.Falg6GroupExecution" name="it5" time="0.003"/>
  <testcase classname="testNgAnnotaions2.Falg6GroupExecution" name="it6" time="0.003"/>
  <testcase classname="testNgAnnotaions2.Falg6GroupExecution" name="st1" time="0.005"/>
  <testcase classname="testNgAnnotaions2.Falg6GroupExecution" name="st2" time="0.003"/>
  <testcase classname="testNgAnnotaions2.Falg6GroupExecution" name="st3" time="0.007"/>
  <testcase classname="testNgAnnotaions2.Falg6GroupExecution" name="st4" time="0.003"/>
  <testcase classname="testNgAnnotaions2.Falg6GroupExecution" name="st5" time="0.002"/>
  <testcase classname="testNgAnnotaions2.Falg6GroupExecution" name="st6" time="0.003"/>
</testsuite> <!-- Test -->
