<?xml version="1.0" encoding="UTF-8"?>
<!-- Generated by org.testng.reporters.JUnitXMLReporter -->
<testsuite ignored="0" hostname="DESKTOP-83ISEOE" failures="0" tests="6" name="Default test" time="53.503" errors="0" timestamp="2023-09-23T01:56:31 IST">
  <testcase classname="testNgAnnotaions2.Flag8ActiTimeDataProvider" name="invalidLoginMethod" time="11.214"/>
  <testcase classname="testNgAnnotaions2.Flag8ActiTimeDataProvider" name="invalidLoginMethod" time="6.859"/>
  <testcase classname="testNgAnnotaions2.Flag8ActiTimeDataProvider" name="invalidLoginMethod" time="7.546"/>
  <testcase classname="testNgAnnotaions2.Flag8ActiTimeDataProvider" name="invalidLoginMethod" time="6.196"/>
  <testcase classname="testNgAnnotaions2.Flag8ActiTimeDataProvider" name="invalidLoginMethod" time="9.406"/>
  <testcase classname="testNgAnnotaions2.Flag8ActiTimeDataProvider" name="invalidLoginMethod" time="12.095"/>
</testsuite> <!-- Default test -->
